<?xml version="1.0" encoding="UTF-8"?>
<!-- Generated by org.testng.reporters.JUnitReportReporter -->
<testsuite hostname="LW-KPrabhat" failures="0" tests="2" name="com.aztec.Testcases.receiptPosting.ReceiptPostingByreceivables" time="62.928" errors="0" timestamp="30 Apr 2018 11:12:11 GMT" skipped="1">
  <testcase classname="com.aztec.Testcases.receiptPosting.ReceiptPostingByreceivables" name="doReceiptPostingByInvoice" time="62.928"/>
  <testcase classname="com.aztec.Testcases.receiptPosting.ReceiptPostingByreceivables" name="doReceiptPostingByReceivables">
    <skipped/>
  </testcase> <!-- doReceiptPostingByReceivables -->
</testsuite> <!-- com.aztec.Testcases.receiptPosting.ReceiptPostingByreceivables -->
