<?xml version="1.0" encoding="UTF-8"?>
<!-- Generated by org.testng.reporters.JUnitReportReporter -->
<testsuite hostname="LW-KPrabhat" failures="0" tests="5" name="com.aztec.ObjectRepository.Test3" time="0.013" errors="0" timestamp="02 May 2018 04:49:37 GMT" skipped="0">
  <testcase classname="com.aztec.ObjectRepository.Test3" name="xlstest" time="0.008"/>
  <testcase classname="com.aztec.ObjectRepository.Test3" name="xlstest" time="0.001"/>
  <testcase classname="com.aztec.ObjectRepository.Test3" name="xlstest" time="0.001"/>
  <testcase classname="com.aztec.ObjectRepository.Test3" name="xlstest" time="0.001"/>
  <testcase classname="com.aztec.ObjectRepository.Test3" name="xlstest" time="0.002"/>
</testsuite> <!-- com.aztec.ObjectRepository.Test3 -->
