<?xml version="1.0" encoding="UTF-8"?>
<!-- Generated by org.testng.reporters.JUnitReportReporter -->
<testsuite hostname="LW-KPrabhat" failures="0" tests="1" name="com.aztec.Testcases.receiptPosting.NewTest" time="0.015" errors="0" timestamp="09 May 2018 12:04:30 GMT" skipped="0">
  <testcase classname="com.aztec.Testcases.receiptPosting.NewTest" name="dummyTest" time="0.015"/>
</testsuite> <!-- com.aztec.Testcases.receiptPosting.NewTest -->
